[   331.770] 
X.Org X Server 1.17.2
Release Date: 2015-06-16
[   331.770] X Protocol Version 11, Revision 0
[   331.770] Build Operating System: openSUSE SUSE LINUX
[   331.770] Current Operating System: Linux linux-w6bm 4.1.15-8-default #1 SMP PREEMPT Wed Jan 20 16:41:00 UTC 2016 (0e3b3ab) x86_64
[   331.770] Kernel command line: BOOT_IMAGE=/boot/vmlinuz-4.1.15-8-default root=UUID=96524ef4-8f90-4f7d-91d3-94845c5d0c9c resume=/dev/sda2 splash=silent quiet showopts
[   331.770] Build Date: 08 February 2016  10:41:55AM
[   331.770]  
[   331.770] Current version of pixman: 0.32.6
[   331.770] 	Before reporting problems, check http://wiki.x.org
	to make sure that you have the latest version.
[   331.770] Markers: (--) probed, (**) from config file, (==) default setting,
	(++) from command line, (!!) notice, (II) informational,
	(WW) warning, (EE) error, (NI) not implemented, (??) unknown.
[   331.770] (==) Log file: "/home/bart/.local/share/xorg/Xorg.1.log", Time: Sat Mar  5 19:40:56 2016
[   331.770] (==) Using config directory: "/etc/X11/xorg.conf.d"
[   331.770] (==) Using system config directory "/usr/share/X11/xorg.conf.d"
[   331.771] (==) No Layout section.  Using the first Screen section.
[   331.771] (==) No screen section available. Using defaults.
[   331.771] (**) |-->Screen "Default Screen Section" (0)
[   331.771] (**) |   |-->Monitor "<default monitor>"
[   331.771] (==) No monitor specified for screen "Default Screen Section".
	Using a default monitor configuration.
[   331.771] (==) Automatically adding devices
[   331.771] (==) Automatically enabling devices
[   331.771] (==) Automatically adding GPU devices
[   331.771] (WW) The directory "/usr/share/fonts/misc/sgi" does not exist.
[   331.771] 	Entry deleted from font path.
[   331.771] (==) FontPath set to:
	/usr/share/fonts/misc:unscaled,
	/usr/share/fonts/Type1/,
	/usr/share/fonts/100dpi:unscaled,
	/usr/share/fonts/75dpi:unscaled,
	/usr/share/fonts/ghostscript/,
	/usr/share/fonts/cyrillic:unscaled,
	/usr/share/fonts/truetype/,
	built-ins
[   331.771] (==) ModulePath set to "/usr/lib64/xorg/modules"
[   331.771] (II) The server relies on udev to provide the list of input devices.
	If no devices become available, reconfigure udev or disable AutoAddDevices.
[   331.771] (II) Loader magic: 0x80dd00
[   331.771] (II) Module ABI versions:
[   331.771] 	X.Org ANSI C Emulation: 0.4
[   331.771] 	X.Org Video Driver: 19.0
[   331.771] 	X.Org XInput driver : 21.0
[   331.771] 	X.Org Server Extension : 9.0
[   331.772] (++) using VT number 2

[   331.773] (II) systemd-logind: logind integration requires -keeptty and -keeptty was not provided, disabling logind integration
[   331.773] (II) xfree86: Adding drm device (/dev/dri/card0)
[   331.775] (--) PCI:*(0:1:0:0) 10de:0a65:1458:3530 rev 162, Mem @ 0xfd000000/16777216, 0xd0000000/268435456, 0xce000000/33554432, I/O @ 0x0000cc00/128, BIOS @ 0x????????/524288
[   331.775] (II) LoadModule: "glx"
[   331.775] (II) Loading /usr/lib64/xorg/modules/extensions/libglx.so
[   331.776] (II) Module glx: vendor="X.Org Foundation"
[   331.776] 	compiled for 1.17.2, module version = 1.0.0
[   331.776] 	ABI class: X.Org Server Extension, version 9.0
[   331.776] (==) AIGLX enabled
[   331.776] (==) Matched nvidia as autoconfigured driver 0
[   331.776] (==) Matched nouveau as autoconfigured driver 1
[   331.776] (==) Matched nv as autoconfigured driver 2
[   331.776] (==) Matched nvidia as autoconfigured driver 3
[   331.776] (==) Matched nouveau as autoconfigured driver 4
[   331.776] (==) Matched nv as autoconfigured driver 5
[   331.776] (==) Matched modesetting as autoconfigured driver 6
[   331.776] (==) Matched fbdev as autoconfigured driver 7
[   331.776] (==) Matched vesa as autoconfigured driver 8
[   331.776] (==) Assigned the driver to the xf86ConfigLayout
[   331.776] (II) LoadModule: "nvidia"
[   331.777] (WW) Warning, couldn't open module nvidia
[   331.777] (II) UnloadModule: "nvidia"
[   331.777] (II) Unloading nvidia
[   331.777] (EE) Failed to load module "nvidia" (module does not exist, 0)
[   331.777] (II) LoadModule: "nouveau"
[   331.777] (II) Loading /usr/lib64/xorg/modules/drivers/nouveau_drv.so
[   331.777] (II) Module nouveau: vendor="X.Org Foundation"
[   331.777] 	compiled for 1.17.2, module version = 1.0.11
[   331.777] 	Module class: X.Org Video Driver
[   331.777] 	ABI class: X.Org Video Driver, version 19.0
[   331.777] (II) LoadModule: "nv"
[   331.777] (II) Loading /usr/lib64/xorg/modules/drivers/nv_drv.so
[   331.777] (II) Module nv: vendor="X.Org Foundation"
[   331.777] 	compiled for 1.17.2, module version = 2.1.20
[   331.777] 	Module class: X.Org Video Driver
[   331.777] 	ABI class: X.Org Video Driver, version 19.0
[   331.777] (II) LoadModule: "modesetting"
[   331.777] (II) Loading /usr/lib64/xorg/modules/drivers/modesetting_drv.so
[   331.777] (II) Module modesetting: vendor="X.Org Foundation"
[   331.777] 	compiled for 1.17.2, module version = 1.17.2
[   331.777] 	Module class: X.Org Video Driver
[   331.777] 	ABI class: X.Org Video Driver, version 19.0
[   331.777] (II) LoadModule: "fbdev"
[   331.777] (II) Loading /usr/lib64/xorg/modules/drivers/fbdev_drv.so
[   331.777] (II) Module fbdev: vendor="X.Org Foundation"
[   331.777] 	compiled for 1.17.2, module version = 0.4.4
[   331.777] 	Module class: X.Org Video Driver
[   331.777] 	ABI class: X.Org Video Driver, version 19.0
[   331.777] (II) LoadModule: "vesa"
[   331.777] (II) Loading /usr/lib64/xorg/modules/drivers/vesa_drv.so
[   331.777] (II) Module vesa: vendor="X.Org Foundation"
[   331.777] 	compiled for 1.17.2, module version = 2.3.4
[   331.777] 	Module class: X.Org Video Driver
[   331.777] 	ABI class: X.Org Video Driver, version 19.0
[   331.778] (II) NOUVEAU driver 
[   331.778] (II) NOUVEAU driver for NVIDIA chipset families :
[   331.778] 	RIVA TNT        (NV04)
[   331.778] 	RIVA TNT2       (NV05)
[   331.778] 	GeForce 256     (NV10)
[   331.778] 	GeForce 2       (NV11, NV15)
[   331.778] 	GeForce 4MX     (NV17, NV18)
[   331.778] 	GeForce 3       (NV20)
[   331.778] 	GeForce 4Ti     (NV25, NV28)
[   331.778] 	GeForce FX      (NV3x)
[   331.778] 	GeForce 6       (NV4x)
[   331.778] 	GeForce 7       (G7x)
[   331.778] 	GeForce 8       (G8x)
[   331.778] 	GeForce GTX 200 (NVA0)
[   331.778] 	GeForce GTX 400 (NVC0)
[   331.778] (II) NOUVEAU driver 
[   331.778] (II) NOUVEAU driver for NVIDIA chipset families :
[   331.778] 	RIVA TNT        (NV04)
[   331.778] 	RIVA TNT2       (NV05)
[   331.778] 	GeForce 256     (NV10)
[   331.778] 	GeForce 2       (NV11, NV15)
[   331.778] 	GeForce 4MX     (NV17, NV18)
[   331.778] 	GeForce 3       (NV20)
[   331.778] 	GeForce 4Ti     (NV25, NV28)
[   331.778] 	GeForce FX      (NV3x)
[   331.778] 	GeForce 6       (NV4x)
[   331.778] 	GeForce 7       (G7x)
[   331.778] 	GeForce 8       (G8x)
[   331.778] 	GeForce GTX 200 (NVA0)
[   331.778] 	GeForce GTX 400 (NVC0)
[   331.778] (II) modesetting: Driver for Modesetting Kernel Drivers: kms
[   331.778] (II) FBDEV: driver for framebuffer: fbdev
[   331.778] (II) VESA: driver for VESA chipsets: vesa
[   331.778] (EE) 
Fatal server error:
[   331.778] (EE) xf86OpenConsole: VT_ACTIVATE failed: Operation not permitted
[   331.778] (EE) 
[   331.778] (EE) 
Please consult the The X.Org Foundation support 
	 at http://wiki.x.org
 for help. 
[   331.778] (EE) Please also check the log file at "/home/bart/.local/share/xorg/Xorg.1.log" for additional information.
[   331.778] (EE) 
