[   560.700] _XSERVTransSocketUNIXCreateListener: ...SocketCreateListener() failed
[   560.700] _XSERVTransMakeAllCOTSServerListeners: server already running
[   560.707] 
X.Org X Server 1.17.2
Release Date: 2015-06-16
[   560.707] X Protocol Version 11, Revision 0
[   560.707] Build Operating System: openSUSE SUSE LINUX
[   560.707] Current Operating System: Linux linux-9b3l 4.1.15-8-default #1 SMP PREEMPT Wed Jan 20 16:41:00 UTC 2016 (0e3b3ab) x86_64
[   560.707] Kernel command line: BOOT_IMAGE=/boot/vmlinuz-4.1.15-8-default root=UUID=b3c41e60-f1fb-4402-9d2f-e96ffdfaca8c resume=/dev/sda1 splash=silent quiet showopts
[   560.707] Build Date: 07 March 2016  08:22:28AM
[   560.707]  
[   560.707] Current version of pixman: 0.32.6
[   560.707] 	Before reporting problems, check http://wiki.x.org
	to make sure that you have the latest version.
[   560.707] Markers: (--) probed, (**) from config file, (==) default setting,
	(++) from command line, (!!) notice, (II) informational,
	(WW) warning, (EE) error, (NI) not implemented, (??) unknown.
[   560.707] (==) Log file: "/home/bart/.local/share/xorg/Xorg.0.log", Time: Fri Mar 18 19:16:58 2016
[   560.707] (==) Using config directory: "/etc/X11/xorg.conf.d"
[   560.707] (==) Using system config directory "/usr/share/X11/xorg.conf.d"
[   560.707] (==) No Layout section.  Using the first Screen section.
[   560.707] (==) No screen section available. Using defaults.
[   560.707] (**) |-->Screen "Default Screen Section" (0)
[   560.707] (**) |   |-->Monitor "<default monitor>"
[   560.707] (==) No monitor specified for screen "Default Screen Section".
	Using a default monitor configuration.
[   560.707] (==) Automatically adding devices
[   560.707] (==) Automatically enabling devices
[   560.707] (==) Automatically adding GPU devices
[   560.707] (WW) The directory "/usr/share/fonts/misc/sgi" does not exist.
[   560.707] 	Entry deleted from font path.
[   560.707] (==) FontPath set to:
	/usr/share/fonts/misc:unscaled,
	/usr/share/fonts/Type1/,
	/usr/share/fonts/100dpi:unscaled,
	/usr/share/fonts/75dpi:unscaled,
	/usr/share/fonts/ghostscript/,
	/usr/share/fonts/cyrillic:unscaled,
	/usr/share/fonts/truetype/,
	built-ins
[   560.707] (==) ModulePath set to "/usr/lib64/xorg/modules"
[   560.707] (II) The server relies on udev to provide the list of input devices.
	If no devices become available, reconfigure udev or disable AutoAddDevices.
[   560.707] (II) Loader magic: 0x80dd00
[   560.708] (II) Module ABI versions:
[   560.708] 	X.Org ANSI C Emulation: 0.4
[   560.708] 	X.Org Video Driver: 19.0
[   560.708] 	X.Org XInput driver : 21.0
[   560.708] 	X.Org Server Extension : 9.0
[   560.709] (++) using VT number 7

[   560.709] (II) systemd-logind: logind integration requires -keeptty and -keeptty was not provided, disabling logind integration
[   560.709] (II) xfree86: Adding drm device (/dev/dri/card0)
[   560.710] (EE) /dev/dri/card0: failed to set DRM interface version 1.4: Permission denied
[   560.713] (--) PCI:*(0:1:0:0) 10de:0a65:1458:3530 rev 162, Mem @ 0xfd000000/16777216, 0xd0000000/268435456, 0xce000000/33554432, I/O @ 0x0000cc00/128, BIOS @ 0x????????/524288
[   560.713] (II) LoadModule: "glx"
[   560.713] (II) Loading /usr/lib64/xorg/modules/extensions/libglx.so
[   560.714] (II) Module glx: vendor="X.Org Foundation"
[   560.714] 	compiled for 1.17.2, module version = 1.0.0
[   560.714] 	ABI class: X.Org Server Extension, version 9.0
[   560.714] (==) AIGLX enabled
[   560.714] (==) Matched nvidia as autoconfigured driver 0
[   560.714] (==) Matched nouveau as autoconfigured driver 1
[   560.714] (==) Matched nv as autoconfigured driver 2
[   560.714] (==) Matched modesetting as autoconfigured driver 3
[   560.714] (==) Matched fbdev as autoconfigured driver 4
[   560.714] (==) Matched vesa as autoconfigured driver 5
[   560.714] (==) Assigned the driver to the xf86ConfigLayout
[   560.714] (II) LoadModule: "nvidia"
[   560.714] (WW) Warning, couldn't open module nvidia
[   560.714] (II) UnloadModule: "nvidia"
[   560.714] (II) Unloading nvidia
[   560.714] (EE) Failed to load module "nvidia" (module does not exist, 0)
[   560.714] (II) LoadModule: "nouveau"
[   560.714] (II) Loading /usr/lib64/xorg/modules/drivers/nouveau_drv.so
[   560.715] (II) Module nouveau: vendor="X.Org Foundation"
[   560.715] 	compiled for 1.17.2, module version = 1.0.11
[   560.715] 	Module class: X.Org Video Driver
[   560.715] 	ABI class: X.Org Video Driver, version 19.0
[   560.715] (II) LoadModule: "nv"
[   560.715] (II) Loading /usr/lib64/xorg/modules/drivers/nv_drv.so
[   560.715] (II) Module nv: vendor="X.Org Foundation"
[   560.715] 	compiled for 1.17.2, module version = 2.1.20
[   560.715] 	Module class: X.Org Video Driver
[   560.715] 	ABI class: X.Org Video Driver, version 19.0
[   560.715] (II) LoadModule: "modesetting"
[   560.715] (II) Loading /usr/lib64/xorg/modules/drivers/modesetting_drv.so
[   560.715] (II) Module modesetting: vendor="X.Org Foundation"
[   560.715] 	compiled for 1.17.2, module version = 1.17.2
[   560.715] 	Module class: X.Org Video Driver
[   560.715] 	ABI class: X.Org Video Driver, version 19.0
[   560.715] (II) LoadModule: "fbdev"
[   560.715] (II) Loading /usr/lib64/xorg/modules/drivers/fbdev_drv.so
[   560.715] (II) Module fbdev: vendor="X.Org Foundation"
[   560.715] 	compiled for 1.17.2, module version = 0.4.4
[   560.715] 	Module class: X.Org Video Driver
[   560.715] 	ABI class: X.Org Video Driver, version 19.0
[   560.715] (II) LoadModule: "vesa"
[   560.715] (II) Loading /usr/lib64/xorg/modules/drivers/vesa_drv.so
[   560.715] (II) Module vesa: vendor="X.Org Foundation"
[   560.715] 	compiled for 1.17.2, module version = 2.3.4
[   560.715] 	Module class: X.Org Video Driver
[   560.715] 	ABI class: X.Org Video Driver, version 19.0
[   560.715] (II) NOUVEAU driver 
[   560.715] (II) NOUVEAU driver for NVIDIA chipset families :
[   560.715] 	RIVA TNT        (NV04)
[   560.715] 	RIVA TNT2       (NV05)
[   560.715] 	GeForce 256     (NV10)
[   560.715] 	GeForce 2       (NV11, NV15)
[   560.715] 	GeForce 4MX     (NV17, NV18)
[   560.715] 	GeForce 3       (NV20)
[   560.715] 	GeForce 4Ti     (NV25, NV28)
[   560.715] 	GeForce FX      (NV3x)
[   560.715] 	GeForce 6       (NV4x)
[   560.715] 	GeForce 7       (G7x)
[   560.715] 	GeForce 8       (G8x)
[   560.716] 	GeForce GTX 200 (NVA0)
[   560.716] 	GeForce GTX 400 (NVC0)
[   560.716] (II) NOUVEAU driver 
[   560.716] (II) NOUVEAU driver for NVIDIA chipset families :
[   560.716] 	RIVA TNT        (NV04)
[   560.716] 	RIVA TNT2       (NV05)
[   560.716] 	GeForce 256     (NV10)
[   560.716] 	GeForce 2       (NV11, NV15)
[   560.716] 	GeForce 4MX     (NV17, NV18)
[   560.716] 	GeForce 3       (NV20)
[   560.716] 	GeForce 4Ti     (NV25, NV28)
[   560.716] 	GeForce FX      (NV3x)
[   560.716] 	GeForce 6       (NV4x)
[   560.716] 	GeForce 7       (G7x)
[   560.716] 	GeForce 8       (G8x)
[   560.716] 	GeForce GTX 200 (NVA0)
[   560.716] 	GeForce GTX 400 (NVC0)
[   560.716] (II) modesetting: Driver for Modesetting Kernel Drivers: kms
[   560.716] (II) FBDEV: driver for framebuffer: fbdev
[   560.716] (II) VESA: driver for VESA chipsets: vesa
[   560.716] (EE) 
Fatal server error:
[   560.716] (EE) xf86OpenConsole: Cannot open virtual console 7 (Permission denied)
[   560.716] (EE) 
[   560.716] (EE) 
Please consult the The X.Org Foundation support 
	 at http://wiki.x.org
 for help. 
[   560.716] (EE) Please also check the log file at "/home/bart/.local/share/xorg/Xorg.0.log" for additional information.
[   560.716] (EE) 
