
=====================================<br><font color=magenta>execution of task	: <b>Videos (spatje)</b>, starting</font><br>Source	: <b><font color=blue>/home/bkessels/bk-cloud/Videos/Spatje</font></b><br>Destination	: <b><font color=blue>/run/media/bkessels/USB Bart/</font></b>
sending incremental file list

Spatje/
Spatje/!Spatje!.mov

         32.77K   0%    0.00kB/s    0:00:00  
        135.17M  50%  128.88MB/s    0:00:01  
        269.84M 100%  129.69MB/s    0:00:01 (xfr#1, to-chk=6/8)

Spatje/Spatje die snoepje eet (eerste kat 2001 tot 2013).mp4
         32.77K   0%   32.32kB/s    0:33:56            1.08M   1%    1.03MB/s    0:01:01  
         65.85M 100%   41.84MB/s    0:00:01 (xfr#2, to-chk=5/8)
Spatje/Spatje(Eerste kat 2001 tot 2013).jpg

         32.77K   2%   63.12kB/s    0:00:18            1.17M 100%    2.17MB/s    0:00:00 (xfr#3, to-chk=4/8)
Spatje/Spatje.docx
          8.41K 100%   15.86kB/s    0:00:00            8.41K 100%   15.86kB/s    0:00:00 (xfr#4, to-chk=3/8)
Spatje/WP_20130628_001.jpg
         32.77K   1%   61.19kB/s    0:00:26            1.68M 100%    2.99MB/s    0:00:00 (xfr#5, to-chk=2/8)
Spatje/WP_20130628_002.jpg
         32.77K   4%   59.04kB/s    0:00:11          724.53K 100%    1.27MB/s    0:00:00 (xfr#6, to-chk=1/8)
Spatje/WP_20130628_003.jpg
         32.77K   3%   57.97kB/s    0:00:17            1.04M 100%    1.77MB/s    0:00:00 (xfr#7, to-chk=0/8)


Number of files: 8 (reg: 7, dir: 1)
Number of created files: 8 (reg: 7, dir: 1)
Number of deleted files: 0
Number of regular files transferred: 7
Total file size: 340.32M bytes
Total transferred file size: 340.32M bytes
Literal data: 340.32M bytes
Matched data: 0 bytes
File list size: 0
File list generation time: 0.002 seconds
File list transfer time: 0.000 seconds
Total bytes sent: 340.41M
Total bytes received: 153

sent 340.41M bytes  received 153 bytes  97.26M bytes/sec
total size is 340.32M  speedup is 1.00


<font color=cyan>&nbsp;&nbsp;&nbsp;&nbsp;-----| Backing-up profile, logfiles and snapshot data -> Ok |-----</font><br>
<font color=magenta>execution of task	: <b>Videos (spatje)</b>, finished</font>
=====================================<br>