2016-01-15 23:50:37 7f6c49812780 InnoDB: Warning: Using innodb_additional_mem_pool_size is DEPRECATED. This option may be removed in future releases, together with the option innodb_use_sys_malloc and with the InnoDB's internal memory allocator.
2016-01-15 23:50:37 140103066396544 [Note] InnoDB: Using mutexes to ref count buffer pool pages
2016-01-15 23:50:37 140103066396544 [Note] InnoDB: The InnoDB memory heap is disabled
2016-01-15 23:50:37 140103066396544 [Note] InnoDB: Mutexes and rw_locks use GCC atomic builtins
2016-01-15 23:50:37 140103066396544 [Note] InnoDB: Memory barrier is not used
2016-01-15 23:50:37 140103066396544 [Note] InnoDB: Compressed tables use zlib 1.2.8
2016-01-15 23:50:37 140103066396544 [Note] InnoDB: Using Linux native AIO
2016-01-15 23:50:37 140103066396544 [Note] InnoDB: Using generic crc32 instructions
2016-01-15 23:50:37 140103066396544 [Note] InnoDB: Initializing buffer pool, size = 80.0M
2016-01-15 23:50:37 140103066396544 [Note] InnoDB: Completed initialization of buffer pool
2016-01-15 23:50:37 140103066396544 [Note] InnoDB: Highest supported file format is Barracuda.
2016-01-15 23:50:37 140103066396544 [Note] InnoDB: 128 rollback segment(s) are active.
2016-01-15 23:50:37 140103066396544 [Note] InnoDB: Waiting for purge to start
2016-01-15 23:50:38 140103066396544 [Note] InnoDB:  Percona XtraDB (http://www.percona.com) 5.6.26-76.0 started; log sequence number 1860274
2016-01-15 23:50:38 140102737061632 [Note] InnoDB: Dumping buffer pool(s) not yet started
2016-01-15 23:50:38 140103066396544 [Note] Plugin 'FEEDBACK' is disabled.
2016-01-15 23:50:38 140103066396544 [ERROR] Can't open and lock privilege tables: Table 'mysql.servers' doesn't exist
2016-01-15 23:50:38 140103066396544 [Warning] Can't open and lock time zone table: Table 'mysql.time_zone_leap_second' doesn't exist trying to live without them
2016-01-15 23:50:38 140103066089216 [Warning] Failed to load slave replication state from table mysql.gtid_slave_pos: 1146: Table 'mysql.gtid_slave_pos' doesn't exist
2016-01-15 23:50:38 140103066396544 [Note] Reading of all Master_info entries succeded
2016-01-15 23:50:38 140103066396544 [Note] Added new Master_info '' to hash table
2016-01-15 23:50:38 140103066396544 [Note] /usr/bin/mysqld: ready for connections.
Version: '10.1.10-MariaDB'  socket: '/tmp/akonadi-bart.YQB9D0/mysql.socket'  port: 0  MariaDB Server
2016-01-15 23:50:38 7f6c4977e700 InnoDB: Error: Table "mysql"."innodb_table_stats" not found.
160116 21:38:23 [Warning] Aborted connection 5 to db: 'akonadi' user: 'bart' host: '' (Unknown error)
160116 21:38:23 [Warning] Aborted connection 4 to db: 'akonadi' user: 'bart' host: '' (Unknown error)
160116 21:38:23 [Warning] Aborted connection 6 to db: 'akonadi' user: 'bart' host: '' (Unknown error)
160116 21:38:23 [Warning] Aborted connection 7 to db: 'akonadi' user: 'bart' host: '' (Unknown error)
160116 21:38:23 [Warning] Aborted connection 8 to db: 'akonadi' user: 'bart' host: '' (Unknown error)
160116 21:38:24 [Note] /usr/sbin/mysqld: Normal shutdown

160116 21:38:24 [Note] InnoDB: FTS optimize thread exiting.
160116 21:38:24 [Note] InnoDB: Starting shutdown...
160116 21:38:25 [Note] InnoDB: Shutdown completed; log sequence number 2041986
160116 21:38:25 [Note] /usr/sbin/mysqld: Shutdown complete

