VirtualBox XPCOM Server 5.0.10_SUSE r104061 linux.amd64 (openSUSE Buildservice) release log
00:00:00.000508 main     Log opened 2016-02-05T20:20:38.345682000Z
00:00:00.000511 main     Build Type: release
00:00:00.000517 main     OS Product: Linux
00:00:00.000519 main     OS Release: 4.1.15-8-default
00:00:00.000520 main     OS Version: #1 SMP PREEMPT Wed Jan 20 16:41:00 UTC 2016 (0e3b3ab)
00:00:00.000553 main     DMI Product Name: System Product Name
00:00:00.000562 main     DMI Product Version: System Version
00:00:00.000681 main     Host RAM: 12014MB total, 11281MB available
00:00:00.000686 main     Executable: /usr/lib/virtualbox/VBoxSVC
00:00:00.000687 main     Process ID: 2527
00:00:00.000688 main     Package type: LINUX_64BITS_GENERIC (OSE)
00:00:00.108660 nspr-2   Home directory: '/home/bart/.config/VirtualBox'
00:00:00.111205 nspr-2   Loading settings file "/home/bart/.config/VirtualBox/VirtualBox.xml" with version "1.12-linux"
00:00:00.114972 nspr-2   Successfully initialised host USB using sysfs
00:00:00.127971 nspr-2   HostDnsMonitor: old information
00:00:00.128000 nspr-2     no server entries
00:00:00.128007 nspr-2     no search string entries
00:00:00.128012 nspr-2     no domain set
00:00:00.128016 nspr-2   HostDnsMonitor: new information
00:00:00.128020 nspr-2     server 1: 8.8.4.4
00:00:00.128025 nspr-2     server 2: 213.51.129.37
00:00:00.128030 nspr-2     search string 1: BK
00:00:00.128035 nspr-2     domain: BK
00:00:00.128044 nspr-2   HostDnsMonitorProxy::notify
00:00:00.130379 nspr-2   Failed to open "/dev/vboxdrvu", errno=13, rc=VERR_VM_DRIVER_NOT_ACCESSIBLE
00:00:00.130638 nspr-2   VD: VDInit finished
00:00:00.130717 nspr-2   ERROR [COM]: aRC=NS_ERROR_FAILURE (0x80004005) aIID={0eb668d2-495e-5a36-8890-29999b5f030c} aComponent={SystemPropertiesWrap} aText={Cannot determine default Guest Additions ISO location. Most likely they are not available}, preserve=false aResultDetail=0
00:00:08.633384 Watcher  ERROR [COM]: aRC=E_ACCESSDENIED (0x80070005) aIID={0169423f-46b4-cde9-91af-1e9d5b6cd945} aComponent={VirtualBoxWrap} aText={The object is not ready}, preserve=false aResultDetail=0
00:00:13.261828 main     {00007f74740135d0} HostPowerServiceLinux::~HostPowerServiceLinux: RTThreadWait() for 5000 ms failed with VERR_TIMEOUT
